<?xml version="1.0" encoding="UTF-8"?>
<!-- Generated by org.testng.reporters.JUnitReportReporter -->
<testsuite hostname="QB-TP3-2221" failures="0" tests="6" name="Testcases.ManageOrderTestCases" time="24.947" errors="0" timestamp="2022-09-12T17:17:21 IST" skipped="0">
  <testcase classname="Testcases.ManageOrderTestCases" name="Manageorders_reset_btn_size" time="5.947"/>
  <system-out/>
  <testcase classname="Testcases.ManageOrderTestCases" name="Manageorders_search_btn_size" time="4.075"/>
  <system-out/>
  <testcase classname="Testcases.ManageOrderTestCases" name="statusvalidation" time="3.620"/>
  <system-out/>
  <testcase classname="Testcases.ManageOrderTestCases" name="manageOredersSearchbyBank" time="3.422"/>
  <system-out/>
  <testcase classname="Testcases.ManageOrderTestCases" name="statusvalidation" time="3.793"/>
  <system-out/>
  <testcase classname="Testcases.ManageOrderTestCases" name="Manageorders_searchbtn_bg_clr_validation" time="4.090"/>
  <system-out/>
</testsuite> <!-- Testcases.ManageOrderTestCases -->
